<?xml version="1.0" encoding="UTF-8"?>
<!-- Generated by org.testng.reporters.JUnitXMLReporter -->
<testsuite ignored="1" hostname="Ashok" failures="1" tests="2" name="Default test(failed)" time="0.084" errors="0" timestamp="2022-03-01T14:02:51 IST">
  <testcase classname="seleniumTests.RetryFailedTestcases" name="test3" time="0.018"/>
  <testcase classname="seleniumTests.RetryFailedTestcases" name="test2" time="0.005">
    <failure type="java.lang.ArithmeticException" message="/ by zero">
      <![CDATA[java.lang.ArithmeticException: / by zero
at seleniumTests.RetryFailedTestcases.test2(RetryFailedTestcases.java:16)
at java.base/java.util.ArrayList.forEach(ArrayList.java:1511)
... Removed 27 stack frames]]>
    </failure>
  </testcase> <!-- test2 -->
  <testcase classname="seleniumTests.RetryFailedTestcases" name="test1" time="0.0">
    <ignored/>
  </testcase> <!-- test1 -->
</testsuite> <!-- Default test(failed) -->
