<?xml version="1.0" encoding="UTF-8"?>
<!-- Generated by org.testng.reporters.JUnitXMLReporter -->
<testsuite ignored="2" hostname="Ashok" failures="0" tests="1" name="Default test(failed)(failed)" time="0.044" errors="0" timestamp="2022-03-01T14:03:30 IST">
  <testcase classname="seleniumTests.RetryFailedTestcases" name="test2" time="0.008"/>
  <testcase classname="seleniumTests.RetryFailedTestcases" name="test1" time="0.0">
    <ignored/>
  </testcase> <!-- test1 -->
  <testcase classname="seleniumTests.RetryFailedTestcases" name="test3" time="0.0">
    <ignored/>
  </testcase> <!-- test3 -->
</testsuite> <!-- Default test(failed)(failed) -->
