<?xml version="1.0" encoding="UTF-8"?>
<testng-results ignored="0" total="5" passed="4" failed="1" skipped="0">
  <reporter-output>
  </reporter-output>
  <suite started-at="2022-03-10T16:33:52 IST" name="Default suite" finished-at="2022-03-10T16:34:26 IST" duration-ms="33530">
    <groups>
    </groups>
    <test started-at="2022-03-10T16:33:52 IST" name="Default test" finished-at="2022-03-10T16:34:26 IST" duration-ms="33530">
      <class name="Excel.DataProviderDemo">
        <test-method is-config="true" signature="setUp()[pri:0, instance:Excel.DataProviderDemo@42a48628]" started-at="2022-03-10T16:33:52 IST" name="setUp" finished-at="2022-03-10T16:33:55 IST" duration-ms="2858" status="PASS">
          <reporter-output>
          </reporter-output>
        </test-method> <!-- setUp -->
        <test-method signature="login(java.lang.String,java.lang.String,java.lang.String)[pri:0, instance:Excel.DataProviderDemo@42a48628]" started-at="2022-03-10T16:33:57 IST" name="login" data-provider="login" finished-at="2022-03-10T16:34:22 IST" duration-ms="25314" status="PASS">
          <params>
            <param index="0">
              <value>
                <![CDATA[admin@yourstore.com]]>
              </value>
            </param>
            <param index="1">
              <value>
                <![CDATA[admin]]>
              </value>
            </param>
            <param index="2">
              <value>
                <![CDATA[Valid]]>
              </value>
            </param>
          </params>
          <reporter-output>
          </reporter-output>
        </test-method> <!-- login -->
        <test-method signature="login(java.lang.String,java.lang.String,java.lang.String)[pri:0, instance:Excel.DataProviderDemo@42a48628]" started-at="2022-03-10T16:34:22 IST" name="login" data-provider="login" finished-at="2022-03-10T16:34:23 IST" duration-ms="1119" status="PASS">
          <params>
            <param index="0">
              <value>
                <![CDATA[admin@yourstore.com]]>
              </value>
            </param>
            <param index="1">
              <value>
                <![CDATA[adm]]>
              </value>
            </param>
            <param index="2">
              <value>
                <![CDATA[Invalid]]>
              </value>
            </param>
          </params>
          <reporter-output>
          </reporter-output>
        </test-method> <!-- login -->
        <test-method signature="login(java.lang.String,java.lang.String,java.lang.String)[pri:0, instance:Excel.DataProviderDemo@42a48628]" started-at="2022-03-10T16:34:23 IST" name="login" data-provider="login" finished-at="2022-03-10T16:34:24 IST" duration-ms="1098" status="PASS">
          <params>
            <param index="0">
              <value>
                <![CDATA[adm@yourstore.com]]>
              </value>
            </param>
            <param index="1">
              <value>
                <![CDATA[admin]]>
              </value>
            </param>
            <param index="2">
              <value>
                <![CDATA[Invalid]]>
              </value>
            </param>
          </params>
          <reporter-output>
          </reporter-output>
        </test-method> <!-- login -->
        <test-method signature="login(java.lang.String,java.lang.String,java.lang.String)[pri:0, instance:Excel.DataProviderDemo@42a48628]" started-at="2022-03-10T16:34:24 IST" name="login" data-provider="login" finished-at="2022-03-10T16:34:25 IST" duration-ms="1254" status="PASS">
          <params>
            <param index="0">
              <value>
                <![CDATA[adm@yourstore.com]]>
              </value>
            </param>
            <param index="1">
              <value>
                <![CDATA[adm]]>
              </value>
            </param>
            <param index="2">
              <value>
                <![CDATA[Invalid]]>
              </value>
            </param>
          </params>
          <reporter-output>
          </reporter-output>
        </test-method> <!-- login -->
        <test-method signature="login(java.lang.String,java.lang.String,java.lang.String)[pri:0, instance:Excel.DataProviderDemo@42a48628]" started-at="2022-03-10T16:34:25 IST" name="login" data-provider="login" finished-at="2022-03-10T16:34:26 IST" duration-ms="468" status="FAIL">
          <params>
            <param index="0">
              <value is-null="true"/>
            </param>
            <param index="1">
              <value is-null="true"/>
            </param>
            <param index="2">
              <value is-null="true"/>
            </param>
          </params>
          <exception class="java.lang.IllegalArgumentException">
            <message>
              <![CDATA[Keys to send should be a not null CharSequence]]>
            </message>
            <full-stacktrace>
              <![CDATA[java.lang.IllegalArgumentException: Keys to send should be a not null CharSequence
at org.openqa.selenium.remote.RemoteWebElement.sendKeys(RemoteWebElement.java:92)
at Excel.DataProviderDemo.login(DataProviderDemo.java:35)
at java.base/jdk.internal.reflect.NativeMethodAccessorImpl.invoke0(Native Method)
at java.base/jdk.internal.reflect.NativeMethodAccessorImpl.invoke(NativeMethodAccessorImpl.java:77)
at java.base/jdk.internal.reflect.DelegatingMethodAccessorImpl.invoke(DelegatingMethodAccessorImpl.java:43)
at java.base/java.lang.reflect.Method.invoke(Method.java:568)
at org.testng.internal.invokers.MethodInvocationHelper.invokeMethod(MethodInvocationHelper.java:135)
at org.testng.internal.invokers.TestInvoker.invokeMethod(TestInvoker.java:673)
at org.testng.internal.invokers.TestInvoker.invokeTestMethod(TestInvoker.java:220)
at org.testng.internal.invokers.MethodRunner.runInSequence(MethodRunner.java:50)
at org.testng.internal.invokers.TestInvoker$MethodInvocationAgent.invoke(TestInvoker.java:945)
at org.testng.internal.invokers.TestInvoker.invokeTestMethods(TestInvoker.java:193)
at org.testng.internal.invokers.TestMethodWorker.invokeTestMethods(TestMethodWorker.java:146)
at org.testng.internal.invokers.TestMethodWorker.run(TestMethodWorker.java:128)
at java.base/java.util.ArrayList.forEach(ArrayList.java:1511)
at org.testng.TestRunner.privateRun(TestRunner.java:808)
at org.testng.TestRunner.run(TestRunner.java:603)
at org.testng.SuiteRunner.runTest(SuiteRunner.java:429)
at org.testng.SuiteRunner.runSequentially(SuiteRunner.java:423)
at org.testng.SuiteRunner.privateRun(SuiteRunner.java:383)
at org.testng.SuiteRunner.run(SuiteRunner.java:326)
at org.testng.SuiteRunnerWorker.runSuite(SuiteRunnerWorker.java:52)
at org.testng.SuiteRunnerWorker.run(SuiteRunnerWorker.java:95)
at org.testng.TestNG.runSuitesSequentially(TestNG.java:1249)
at org.testng.TestNG.runSuitesLocally(TestNG.java:1169)
at org.testng.TestNG.runSuites(TestNG.java:1092)
at org.testng.TestNG.run(TestNG.java:1060)
at org.testng.remote.AbstractRemoteTestNG.run(AbstractRemoteTestNG.java:115)
at org.testng.remote.RemoteTestNG.initAndRun(RemoteTestNG.java:251)
at org.testng.remote.RemoteTestNG.main(RemoteTestNG.java:77)
]]>
            </full-stacktrace>
          </exception> <!-- java.lang.IllegalArgumentException -->
          <reporter-output>
          </reporter-output>
        </test-method> <!-- login -->
        <test-method is-config="true" signature="teardown()[pri:0, instance:Excel.DataProviderDemo@42a48628]" started-at="2022-03-10T16:34:26 IST" name="teardown" finished-at="2022-03-10T16:34:26 IST" duration-ms="111" status="PASS">
          <reporter-output>
          </reporter-output>
        </test-method> <!-- teardown -->
      </class> <!-- Excel.DataProviderDemo -->
    </test> <!-- Default test -->
  </suite> <!-- Default suite -->
</testng-results>
